2019-02-15 16:07:37 [com.hksql.zhai.rStatistics.rStatisticsUpdate.HKRStatInfoUpdDao]-[INFO] 开始按编辑人进行查询
 2019-02-15 16:07:38 [com.hksql.zhai.rStatistics.rStatisticsUpdate.HKRStatInfoUpdDao]-[INFO] 编辑人查询完成，准备录入！
 2019-02-15 16:07:38 [com.hksql.zhai.rStatistics.rStatisticsUpdate.HKRStatInfoUpdDao]-[INFO] 数据录入成功！
 2019-02-15 16:07:38 [com.hksql.zhai.rStatistics.rStatisticsUpdate.HKRStatInfoUpdService]-[INFO] 按编辑人插入数据4条
 2019-02-15 16:08:29 [com.hksql.zhai.rStatistics.rStatisticsUpdate.HKRStatInfoUpdDao]-[INFO] 开始按编辑人进行查询
 2019-02-15 16:08:30 [com.hksql.zhai.rStatistics.rStatisticsUpdate.HKRStatInfoUpdDao]-[INFO] 编辑人查询完成，准备录入！
 2019-02-15 16:08:30 [com.hksql.zhai.rStatistics.rStatisticsUpdate.HKRStatInfoUpdDao]-[INFO] 数据录入成功！
 2019-02-15 16:08:30 [com.hksql.zhai.rStatistics.rStatisticsUpdate.HKRStatInfoUpdService]-[INFO] 按编辑人插入数据4条
 2019-02-15 16:14:03 [com.hksql.zhai.imgInfo.HkTypeInfoDao]-[INFO] 开始寻找Type类
 2019-02-15 16:14:03 [com.hksql.zhai.imgInfo.HkTypeInfoDao]-[INFO] 数据查询完成
 2019-02-15 16:14:03 [com.hksql.zhai.rStatistics.rStatisticsImg.HKRStatInfoImgDao]-[INFO] 分类数据开始查询，请耐心等待！
 2019-02-15 16:14:03 [com.hksql.zhai.rStatistics.rStatisticsImg.HKRStatInfoImgDao]-[INFO] 12类型数据查询完成
 2019-02-15 16:14:03 [com.hksql.zhai.rStatistics.rStatisticsImg.HKRStatInfoImgDao]-[INFO] 分类数据开始查询，请耐心等待！
 2019-02-15 16:14:04 [com.hksql.zhai.rStatistics.rStatisticsImg.HKRStatInfoImgDao]-[INFO] 13类型数据查询完成
 2019-02-15 16:14:04 [com.hksql.zhai.rStatistics.rStatisticsImg.HKRStatInfoImgDao]-[INFO] 分类数据开始查询，请耐心等待！
 2019-02-15 16:14:04 [com.hksql.zhai.rStatistics.rStatisticsImg.HKRStatInfoImgDao]-[INFO] 14类型数据查询完成
 2019-02-15 16:14:04 [com.hksql.zhai.rStatistics.rStatisticsImg.HKRStatInfoImgDao]-[INFO] 分类数据开始查询，请耐心等待！
 2019-02-15 16:14:05 [com.hksql.zhai.rStatistics.rStatisticsImg.HKRStatInfoImgDao]-[INFO] 15类型数据查询完成
 2019-02-15 16:14:05 [com.hksql.zhai.rStatistics.rStatisticsImg.HKRStatInfoImgDao]-[INFO] 分类数据开始查询，请耐心等待！
 2019-02-15 16:14:05 [com.hksql.zhai.rStatistics.rStatisticsImg.HKRStatInfoImgDao]-[INFO] 16类型数据查询完成
 2019-02-15 16:14:05 [com.hksql.zhai.rStatistics.rStatisticsImg.HKRStatInfoImgDao]-[INFO] 分类数据开始查询，请耐心等待！
 2019-02-15 16:14:06 [com.hksql.zhai.rStatistics.rStatisticsImg.HKRStatInfoImgDao]-[INFO] 17类型数据查询完成
 2019-02-15 16:14:06 [com.hksql.zhai.rStatistics.rStatisticsImg.HKRStatInfoImgDao]-[INFO] 分类数据开始查询，请耐心等待！
 2019-02-15 16:14:07 [com.hksql.zhai.rStatistics.rStatisticsImg.HKRStatInfoImgDao]-[INFO] 18类型数据查询完成
 2019-02-15 16:14:07 [com.hksql.zhai.rStatistics.rStatisticsImg.HKRStatInfoImgDao]-[INFO] 分类数据开始查询，请耐心等待！
 2019-02-15 16:14:07 [com.hksql.zhai.rStatistics.rStatisticsImg.HKRStatInfoImgDao]-[INFO] 19类型数据查询完成
 2019-02-15 16:14:07 [com.hksql.zhai.rStatistics.rStatisticsImg.HKRStatInfoImgDao]-[INFO] 分类数据开始查询，请耐心等待！
 2019-02-15 16:14:08 [com.hksql.zhai.rStatistics.rStatisticsImg.HKRStatInfoImgDao]-[INFO] 20类型数据查询完成
 2019-02-15 16:14:08 [com.hksql.zhai.rStatistics.rStatisticsImg.HKRStatInfoImgDao]-[INFO] 分类数据开始查询，请耐心等待！
 2019-02-15 16:14:08 [com.hksql.zhai.rStatistics.rStatisticsImg.HKRStatInfoImgDao]-[INFO] 21类型数据查询完成
 2019-02-15 16:14:08 [com.hksql.zhai.rStatistics.rStatisticsImg.HKRStatInfoImgDao]-[INFO] 分类数据开始查询，请耐心等待！
 2019-02-15 16:14:09 [com.hksql.zhai.rStatistics.rStatisticsImg.HKRStatInfoImgDao]-[INFO] 22类型数据查询完成
 2019-02-15 16:14:09 [com.hksql.zhai.rStatistics.rStatisticsImg.HKRStatInfoImgDao]-[INFO] 分类数据开始查询，请耐心等待！
 2019-02-15 16:14:09 [com.hksql.zhai.rStatistics.rStatisticsImg.HKRStatInfoImgDao]-[INFO] 23类型数据查询完成
 2019-02-15 16:14:09 [com.hksql.zhai.rStatistics.rStatisticsImg.HKRStatInfoImgDao]-[INFO] 分类数据开始查询，请耐心等待！
 2019-02-15 16:14:10 [com.hksql.zhai.rStatistics.rStatisticsImg.HKRStatInfoImgDao]-[INFO] 24类型数据查询完成
 2019-02-15 16:14:10 [com.hksql.zhai.rStatistics.rStatisticsImg.HKRStatInfoImgDao]-[INFO] 分类数据开始查询，请耐心等待！
 2019-02-15 16:14:10 [com.hksql.zhai.rStatistics.rStatisticsImg.HKRStatInfoImgDao]-[INFO] 25类型数据查询完成
 2019-02-15 16:14:10 [com.hksql.zhai.rStatistics.rStatisticsImg.HKRStatInfoImgDao]-[INFO] 分类数据开始查询，请耐心等待！
 2019-02-15 16:14:11 [com.hksql.zhai.rStatistics.rStatisticsImg.HKRStatInfoImgDao]-[INFO] 26类型数据查询完成
 2019-02-15 16:14:11 [com.hksql.zhai.rStatistics.rStatisticsImg.HKRStatInfoImgDao]-[INFO] 分类数据开始查询，请耐心等待！
 2019-02-15 16:14:11 [com.hksql.zhai.rStatistics.rStatisticsImg.HKRStatInfoImgDao]-[INFO] 27类型数据查询完成
 2019-02-15 16:14:11 [com.hksql.zhai.rStatistics.rStatisticsImg.HKRStatInfoImgDao]-[INFO] 分类数据开始查询，请耐心等待！
 2019-02-15 16:14:12 [com.hksql.zhai.rStatistics.rStatisticsImg.HKRStatInfoImgDao]-[INFO] 28类型20190211日数据为空，请注意！
 2019-02-15 16:14:12 [com.hksql.zhai.rStatistics.rStatisticsImg.HKRStatInfoImgDao]-[INFO] 28类型数据查询完成
 2019-02-15 16:14:12 [com.hksql.zhai.rStatistics.rStatisticsImg.HKRStatInfoImgDao]-[INFO] 分类数据开始查询，请耐心等待！
 2019-02-15 16:14:12 [com.hksql.zhai.rStatistics.rStatisticsImg.HKRStatInfoImgDao]-[INFO] 29类型数据查询完成
 2019-02-15 16:14:12 [com.hksql.zhai.rStatistics.rStatisticsImg.HKRStatInfoImgDao]-[INFO] 分类数据开始查询，请耐心等待！
 2019-02-15 16:14:13 [com.hksql.zhai.rStatistics.rStatisticsImg.HKRStatInfoImgDao]-[INFO] 30类型数据查询完成
 2019-02-15 16:14:13 [com.hksql.zhai.rStatistics.rStatisticsImg.HKRStatInfoImgDao]-[INFO] 分类数据开始查询，请耐心等待！
 2019-02-15 16:14:13 [com.hksql.zhai.rStatistics.rStatisticsImg.HKRStatInfoImgDao]-[INFO] 31类型数据查询完成
 2019-02-15 16:14:13 [com.hksql.zhai.rStatistics.rStatisticsImg.HKRStatInfoImgDao]-[INFO] 分类数据开始查询，请耐心等待！
 2019-02-15 16:14:14 [com.hksql.zhai.rStatistics.rStatisticsImg.HKRStatInfoImgDao]-[INFO] 122类型数据查询完成
 2019-02-15 16:14:14 [com.hksql.zhai.rStatistics.rStatisticsImg.HKRStatInfoImgDao]-[INFO] 分类数据开始查询，请耐心等待！
 2019-02-15 16:14:14 [com.hksql.zhai.rStatistics.rStatisticsImg.HKRStatInfoImgDao]-[INFO] 149类型20190211日数据为空，请注意！
 2019-02-15 16:14:14 [com.hksql.zhai.rStatistics.rStatisticsImg.HKRStatInfoImgDao]-[INFO] 149类型数据查询完成
 2019-02-15 16:14:14 [com.hksql.zhai.rStatistics.rStatisticsImg.HKRStatInfoImgDao]-[INFO] 分类数据开始查询，请耐心等待！
 2019-02-15 16:14:15 [com.hksql.zhai.rStatistics.rStatisticsImg.HKRStatInfoImgDao]-[INFO] 168类型数据查询完成
 2019-02-15 16:14:15 [com.hksql.zhai.rStatistics.rStatisticsImg.HKRStatInfoImgDao]-[INFO] 录入数据成功！
 2019-02-15 16:14:15 [com.hksql.zhai.rStatistics.rStatisticsImg.HKRStatInfoImgService]-[INFO] 当天录入数据数为150条
 2019-02-15 16:17:11 [com.hksql.zhai.rStatistics.rStatisticsUpdate.HKRStatInfoUpdDao]-[INFO] 开始按编辑人进行查询
 2019-02-15 16:17:12 [com.hksql.zhai.rStatistics.rStatisticsUpdate.HKRStatInfoUpdDao]-[INFO] 编辑人查询完成，准备录入！
 2019-02-15 16:17:12 [com.hksql.zhai.rStatistics.rStatisticsUpdate.HKRStatInfoUpdDao]-[INFO] 数据录入成功！
 2019-02-15 16:17:12 [com.hksql.zhai.rStatistics.rStatisticsUpdate.HKRStatInfoUpdService]-[INFO] 按编辑人插入数据4条
 2019-02-15 16:18:39 [com.hksql.zhai.rStatistics.rStatisticsUpdate.HKRStatInfoUpdDao]-[INFO] 开始按编辑人进行查询
 2019-02-15 16:18:40 [com.hksql.zhai.rStatistics.rStatisticsUpdate.HKRStatInfoUpdDao]-[INFO] 编辑人查询完成，准备录入！
 2019-02-15 16:18:40 [com.hksql.zhai.rStatistics.rStatisticsUpdate.HKRStatInfoUpdDao]-[INFO] 数据录入成功！
 2019-02-15 16:18:40 [com.hksql.zhai.rStatistics.rStatisticsUpdate.HKRStatInfoUpdService]-[INFO] 按编辑人插入数据4条
 2019-02-15 16:41:40 [com.hksql.zhai.rStatistics.rStatisticsInfo.RStatisticsDao]-[INFO] 录入数据查询完成
 2019-02-15 16:43:49 [com.hksql.zhai.rStatistics.rStatisticsInfo.RStatisticsDao]-[INFO] 录入数据查询完成
 2019-02-15 16:43:50 [com.hksql.zhai.rStatistics.rStatisticsInfo.RStatisticsDao]-[INFO] 录入数据查询完成
 2019-02-15 16:45:07 [com.hksql.zhai.rStatistics.rStatisticsInfo.RStatisticsDao]-[INFO] 录入数据查询完成
 2019-02-15 16:45:07 [com.hksql.zhai.rStatistics.rStatisticsInfo.RStatisticsDao]-[INFO] 录入数据查询完成
 2019-02-15 16:45:08 [com.hksql.zhai.rStatistics.rStatisticsInfo.RStatisticsDao]-[INFO] 录入数据查询完成
 2019-02-15 16:45:29 [com.hksql.zhai.rStatistics.rStatisticsInfo.RStatisticsDao]-[INFO] 录入数据查询完成
 2019-02-15 16:45:30 [com.hksql.zhai.rStatistics.rStatisticsInfo.RStatisticsDao]-[INFO] 录入数据查询完成
 2019-02-15 16:45:30 [com.hksql.zhai.rStatistics.rStatisticsInfo.RStatisticsDao]-[INFO] 录入数据查询完成
 